<?xml version="1.0" encoding="UTF-8"?>
<testng-results ignored="0" total="1" passed="1" failed="0" skipped="0">
  <reporter-output>
  </reporter-output>
  <suite started-at="2023-02-04T20:37:10 IST" name="Default suite" finished-at="2023-02-04T20:37:17 IST" duration-ms="6776">
    <groups>
    </groups>
    <test started-at="2023-02-04T20:37:10 IST" name="Default test" finished-at="2023-02-04T20:37:17 IST" duration-ms="6776">
      <class name="com.automation.test.NavigationTest">
        <test-method is-config="true" signature="setUp()[pri:0, instance:com.automation.test.NavigationTest@1da2cb77]" started-at="2023-02-04T20:37:11 IST" name="setUp" finished-at="2023-02-04T20:37:13 IST" duration-ms="2877" status="PASS">
          <reporter-output>
          </reporter-output>
        </test-method> <!-- setUp -->
        <test-method signature="verifyItemLinkNavigation()[pri:0, instance:com.automation.test.NavigationTest@1da2cb77]" started-at="2023-02-04T20:37:13 IST" name="verifyItemLinkNavigation" finished-at="2023-02-04T20:37:17 IST" duration-ms="3299" status="PASS">
          <reporter-output>
          </reporter-output>
        </test-method> <!-- verifyItemLinkNavigation -->
        <test-method is-config="true" signature="cleanUp()[pri:0, instance:com.automation.test.NavigationTest@1da2cb77]" started-at="2023-02-04T20:37:17 IST" name="cleanUp" finished-at="2023-02-04T20:37:17 IST" duration-ms="568" status="PASS">
          <reporter-output>
          </reporter-output>
        </test-method> <!-- cleanUp -->
      </class> <!-- com.automation.test.NavigationTest -->
    </test> <!-- Default test -->
  </suite> <!-- Default suite -->
</testng-results>
